*** Starting uWSGI 2.0.17.1 (64bit) on [Fri Aug 31 15:48:50 2018] ***
compiled with version: 5.4.0 20160609 on 29 August 2018 11:47:07
os: Linux-4.4.0-117-generic #141-Ubuntu SMP Tue Mar 13 11:58:07 UTC 2018
nodename: iZwz9jc2amxbl3ez0ivw3mZ
machine: x86_64
clock source: unix
detected number of CPU cores: 1
current working directory: /home/TaoBiao
writing pidfile to uwsgi.pid
detected binary path: /usr/local/bin/uwsgi
!!! no internal routing support, rebuild with pcre support !!!
uWSGI running as root, you can use --uid/--gid/--chroot options
*** WARNING: you are running uWSGI as root !!! (use the --uid flag) *** 
chdir() to /home/TaoBiao  # 项目根目录位置
chdir(): No such file or directory [core/uwsgi.c line 2631]
*** Starting uWSGI 2.0.17.1 (64bit) on [Fri Aug 31 15:49:11 2018] ***
compiled with version: 5.4.0 20160609 on 29 August 2018 11:47:07
os: Linux-4.4.0-117-generic #141-Ubuntu SMP Tue Mar 13 11:58:07 UTC 2018
nodename: iZwz9jc2amxbl3ez0ivw3mZ
machine: x86_64
clock source: unix
detected number of CPU cores: 1
current working directory: /home/TaoBiao
writing pidfile to uwsgi.pid
detected binary path: /usr/local/bin/uwsgi
!!! no internal routing support, rebuild with pcre support !!!
uWSGI running as root, you can use --uid/--gid/--chroot options
*** WARNING: you are running uWSGI as root !!! (use the --uid flag) *** 
chdir() to /home/TaoBiao  # 项目根目录位置
chdir(): No such file or directory [core/uwsgi.c line 2631]
*** Starting uWSGI 2.0.17.1 (64bit) on [Fri Aug 31 15:49:41 2018] ***
compiled with version: 5.4.0 20160609 on 29 August 2018 11:47:07
os: Linux-4.4.0-117-generic #141-Ubuntu SMP Tue Mar 13 11:58:07 UTC 2018
nodename: iZwz9jc2amxbl3ez0ivw3mZ
machine: x86_64
clock source: unix
detected number of CPU cores: 1
current working directory: /home/TaoBiao
writing pidfile to uwsgi.pid
detected binary path: /usr/local/bin/uwsgi
!!! no internal routing support, rebuild with pcre support !!!
uWSGI running as root, you can use --uid/--gid/--chroot options
*** WARNING: you are running uWSGI as root !!! (use the --uid flag) *** 
chdir() to /home/TaoBiao  # 项目根目录位置
chdir(): No such file or directory [core/uwsgi.c line 2631]
*** Starting uWSGI 2.0.17.1 (64bit) on [Fri Aug 31 15:54:23 2018] ***
compiled with version: 5.4.0 20160609 on 29 August 2018 11:47:07
os: Linux-4.4.0-117-generic #141-Ubuntu SMP Tue Mar 13 11:58:07 UTC 2018
nodename: iZwz9jc2amxbl3ez0ivw3mZ
machine: x86_64
clock source: unix
detected number of CPU cores: 1
current working directory: /home/TaoBiao
writing pidfile to uwsgi.pid
detected binary path: /usr/local/bin/uwsgi
!!! no internal routing support, rebuild with pcre support !!!
uWSGI running as root, you can use --uid/--gid/--chroot options
*** WARNING: you are running uWSGI as root !!! (use the --uid flag) *** 
chdir() to /home/TaoBiao  # 项目根目录位置
chdir(): No such file or directory [core/uwsgi.c line 2631]
